<?xml version="1.0" encoding="utf-8"?><testsuites><testsuite name="pytest" errors="0" failures="0" skipped="0" tests="3" time="1.011" timestamp="2024-08-09T17:07:45.843949" hostname="f732b8ae9112"><testcase classname="tests.test_prediction" name="test_single_prediction" time="0.079" /><testcase classname="tests.test_prediction" name="test_single_prediction_type" time="0.075" /><testcase classname="tests.test_prediction" name="test_single_prediction_value" time="0.075" /></testsuite></testsuites>